\BOOKMARK [0][-]{chapter.1}{Introduction}{}% 1
\BOOKMARK [0][-]{chapter.2}{Kinect Fusion}{}% 2
\BOOKMARK [1][-]{section.2.1}{Kinect Camera Technologies}{chapter.2}% 3
\BOOKMARK [2][-]{subsection.2.1.1}{Structured Light}{section.2.1}% 4
\BOOKMARK [2][-]{subsection.2.1.2}{Time-of-Flight}{section.2.1}% 5
\BOOKMARK [2][-]{subsection.2.1.3}{Comparing the Two Systems}{section.2.1}% 6
\BOOKMARK [1][-]{section.2.2}{Data Representation}{chapter.2}% 7
\BOOKMARK [2][-]{subsection.2.2.1}{Point Cloud}{section.2.2}% 8
\BOOKMARK [1][-]{section.2.3}{Reconstruction}{chapter.2}% 9
\BOOKMARK [2][-]{subsection.2.3.1}{Pipeline}{section.2.3}% 10
\BOOKMARK [2][-]{subsection.2.3.2}{Volumetric \(3D\) Reconstruction}{section.2.3}% 11
\BOOKMARK [2][-]{subsection.2.3.3}{? \(2D\) Reconstruction}{section.2.3}% 12
\BOOKMARK [1][-]{section.2.4}{Segmentation}{chapter.2}% 13
\BOOKMARK [2][-]{subsection.2.4.1}{Segmentation in NYU Dataset V2}{section.2.4}% 14
\BOOKMARK [0][-]{chapter.3}{NYU Dataset V2}{}% 15
\BOOKMARK [0][-]{chapter.4}{Classification}{}% 16
\BOOKMARK [1][-]{section.4.1}{Classification Projects}{chapter.4}% 17
\BOOKMARK [2][-]{subsection.4.1.1}{scikit-learn}{section.4.1}% 18
\BOOKMARK [1][-]{section.4.2}{Training}{chapter.4}% 19
\BOOKMARK [2][-]{subsection.4.2.1}{NYU Depth Dataset V2 nyu-dataset}{section.4.2}% 20
\BOOKMARK [1][-]{section.4.3}{Classification Algorithms}{chapter.4}% 21
\BOOKMARK [2][-]{subsection.4.3.1}{Comparing Algorithms}{section.4.3}% 22
\BOOKMARK [0][-]{chapter.5}{Summary}{}% 23
